📋 当前监控产品数: 331
🔍 开始扫描 JB Hi-Fi 新品...
  ✅ 新品: [eufy] eufy Security EufyCam Solo L40 Spotlight 2K Pro (Wirele
  [Security Camera] "eufy security camera": 发现 1 个新品
  ✅ 新品: [Arlo] Arlo Essentials Outdoor 2K Security Camera (2nd Generat
  ✅ 新品: [Arlo] Arlo Essentials Outdoor 2K Security Camera (2nd Generat
  [Security Camera] "arlo security camera": 发现 2 个新品
  [Security Camera] "ring security camera": 发现 0 个新品
  [Security Camera] "swann security camera": 发现 0 个新品
  [Security Camera] "tp-link tapo camera": 发现 0 个新品
  [Security Camera] "google nest cam": 发现 0 个新品
  [Video Doorbell] "video doorbell": 发现 0 个新品
  [Smart Lock] "smart lock": 发现 0 个新品
  [Baby] "baby monitor": 发现 0 个新品
  [Baby] "eufy baby": 发现 0 个新品
  [Baby] "momcozy baby": 发现 0 个新品
  [Baby] "nanit baby monitor": 发现 0 个新品
  [Baby] "owlet baby": 发现 0 个新品

🆕 发现 3 个新品，正在添加...
✅ 已更新 product_list_fixed.json：334 个产品（+3）
📄 新品详情已保存到 new_products_found.json
