======================================================================
🤖 每日价格自动刷新（固定产品列表版）
⏰ 运行时间: 2026-07-15 18:52:07
======================================================================
📋 加载固定产品列表: 402 个产品

📊 产品列表统计:
  总计: 402 款

📂 品类分布:
  Baby: 69 款
  Security Camera: 231 款
  Smart Lock: 61 款
  Video Doorbell: 41 款

🏷️  主要品牌:
  Other: 98 款
  eufy: 89 款
  Swann: 48 款
  TP-Link: 45 款
  Ring: 44 款
  Arlo: 25 款
  Momcozy: 14 款
  VTech: 11 款

💰 抓取价格 (402 款)...
  进度: 1/402 | 成功:0 失败:0 成功率:0%
  进度: 10/402 | 成功:7 失败:2 成功率:78%
  进度: 20/402 | 成功:14 失败:5 成功率:74%
  进度: 30/402 | 成功:22 失败:7 成功率:76%
  进度: 40/402 | 成功:31 失败:8 成功率:79%
  进度: 50/402 | 成功:39 失败:10 成功率:80%
  进度: 60/402 | 成功:47 失败:12 成功率:80%
  进度: 70/402 | 成功:57 失败:12 成功率:83%
  进度: 80/402 | 成功:63 失败:16 成功率:80%
  进度: 90/402 | 成功:69 失败:20 成功率:78%
  进度: 100/402 | 成功:76 失败:23 成功率:77%
  进度: 110/402 | 成功:84 失败:25 成功率:77%
  进度: 120/402 | 成功:91 失败:28 成功率:76%
  进度: 130/402 | 成功:100 失败:29 成功率:78%
  进度: 140/402 | 成功:109 失败:30 成功率:78%
  进度: 150/402 | 成功:115 失败:34 成功率:77%
  进度: 160/402 | 成功:125 失败:34 成功率:79%
  进度: 170/402 | 成功:132 失败:37 成功率:78%
  进度: 180/402 | 成功:140 失败:39 成功率:78%
  进度: 190/402 | 成功:149 失败:40 成功率:79%
  进度: 200/402 | 成功:158 失败:41 成功率:79%
  进度: 210/402 | 成功:166 失败:43 成功率:79%
  进度: 220/402 | 成功:173 失败:46 成功率:79%
  进度: 230/402 | 成功:182 失败:47 成功率:79%
  进度: 240/402 | 成功:188 失败:51 成功率:79%
  进度: 250/402 | 成功:195 失败:54 成功率:78%
  进度: 260/402 | 成功:197 失败:62 成功率:76%
  进度: 270/402 | 成功:203 失败:66 成功率:75%
  进度: 280/402 | 成功:206 失败:73 成功率:74%
  进度: 290/402 | 成功:207 失败:82 成功率:72%
  进度: 300/402 | 成功:210 失败:89 成功率:70%
  进度: 310/402 | 成功:216 失败:93 成功率:70%
  进度: 320/402 | 成功:223 失败:96 成功率:70%
  进度: 330/402 | 成功:232 失败:97 成功率:71%
  进度: 340/402 | 成功:239 失败:100 成功率:71%
  进度: 350/402 | 成功:249 失败:100 成功率:71%
  进度: 360/402 | 成功:254 失败:105 成功率:71%
  进度: 370/402 | 成功:254 失败:115 成功率:69%
  进度: 380/402 | 成功:254 失败:125 成功率:67%
  进度: 390/402 | 成功:254 失败:135 成功率:65%
  进度: 400/402 | 成功:259 失败:140 成功率:65%

📊 更新历史数据和检测促销...
✅ 加载历史数据: 390 个产品
✅ 加载促销记录: 25 活跃, 778 历史
  ⚠️  异常价格跳过: eufy V2 Advanced Security Camera Kit $899 (近期中位价 $609)
  🔥 新促销: eufy V2 Advanced Security Camera Kit (21.8% OFF)
  🔥 新促销: eufy S3 Pro Security Camera Kit (4 Pack) (20.0% OFF)
  🔥 新促销: eufy S3 Pro Security Camera Kit (2 Pack) (15.4% OFF)
  🔥 新促销: eufy Security C210 2K SoloCam (13.4% OFF)
  🔥 新促销: eufy E40 Essential Security Camera Kit with Homebase 2 (4 Pack) (36.4% OFF)
  ⚠️  异常价格跳过: eufy E42 Security Camera Kit (4 Pack) $1599.0 (近期中位价 $999.0)
  🔥 新促销: eufy Security Wireless Dual Camera Doorbell 2K (Add-On) (20.1% OFF)
  🔥 新促销: eufy E40 Essential Security Camera Kit with Homebase 2 (2 Pack) (36.7% OFF)
  ⚠️  异常价格跳过: eufy Security Solocam S220 (1 Pack) $249 (近期中位价 $179)
  🔥 新促销: eufy Security S330 4G/Wi-Fi Camera (16.7% OFF)
  🔥 新促销: eufy E40 Essential Add On Security Camera (33.4% OFF)
  ⚠️  异常价格跳过: eufy E41 NVR POE 24/7 Security System [4 $1299 (近期中位价 $999)
  🔥 新促销: eufy Security E340 Floodlight Camera (8.9% OFF)
  🔥 新促销: eufy Security 2k Indoor Pan & Tilt Camera (28.8% OFF)
  ⚠️  异常价格跳过: eufy S340 SOLOCAM Security Camera with H $1199 (近期中位价 $799)
  🔥 新促销: eufy S4 NVR POE 24/7 Security System [2 x PTZ + 2 x Turret Cameras] (20.0% OFF)
  ⚠️  异常价格跳过: Arlo Essentials (Gen 3) 2K Pan & Tilt In $44 (近期中位价 $79)
  🔥 新促销: Arlo Essentials (Gen 3) 2K Pan & Tilt Indoor Security Camera (44.3% OFF)
  ⚠️  异常价格跳过: Arlo Go 2 4G/Wi-Fi Mobile Security Camer $249 (近期中位价 $429)
  🔥 新促销: Arlo Go 2 4G/Wi-Fi Mobile Security Camera (42.0% OFF)
  ⚠️  异常价格跳过: Google Nest Gen3 Wired Indoor Camera $189 (近期中位价 $144)
  ⚠️  异常价格跳过: Laser Smart Full HD Video Doorbell (Whit $49 (近期中位价 $149.95)
  🔥 新促销: eufy Familock S3 Max Video Smart Lock (11.1% OFF)
  ⚠️  异常价格跳过: eufy E31 Smart Lock $449 (近期中位价 $269)
  🔥 新促销: eufy C34 Smart Lock (20.1% OFF)
  ⚠️  异常价格跳过: Aqara Smart Door Lock D100 $849 (近期中位价 $599)
  ⚠️  异常价格跳过: Arlo Pro 3 Wireless 2K Floodlight Camera $269 (近期中位价 $124)
  🔥 新促销: Arlo Pro 6 2K Outdoor Solar Security Camera Kit + 12M Subscription(4 Pack) (42.6% OFF)
  ⚠️  异常价格跳过: TP-Link Tapo 3K Solar-Powered Pan & Tilt $249 (近期中位价 $149)
  ⚠️  异常价格跳过: TP-LINK Tapo 2K Pan & Tilt Wi-Fi Securit $109 (近期中位价 $69)
  🔥 新促销: Swann MaxRanger V2 Security Camera Kit (6 Pack) (20.6% OFF)
  🔥 新促销: eufy C31 Video Doorbell (16.7% OFF)
  🔥 新促销: Arlo Essentials 2K Video Doorbell (2nd Generation) (38.8% OFF)
  🔥 新促销: eufy Security Dual Cam Wireless 2K Video Doorbell (10.0% OFF)
  🔥 新促销: eufy C30 Video Doorbell (13.4% OFF)
  ⚠️  异常价格跳过: Uniden SOLO X2K Door Bell Plus $185 (近期中位价 $140)
  ⚠️  异常价格跳过: Swann Buddy 4K Video Doorbell with Chime $299 (近期中位价 $179)
  🔥 新促销: eufy E35 Smart Lock (21.6% OFF)
  ⚠️  异常价格跳过: Arlo Essentials Outdoor 2K Security Came $119 (近期中位价 $279.0)
  ⚠️  异常价格跳过: Arlo Ultra 3 4K Outdoor Security Camera $279.0 (近期中位价 $197.0)
  ⚠️  异常价格跳过: TP-Link Tapo 4K Solar-Powered Pan/Tilt S $299 (近期中位价 $228)
  ⚠️  异常价格跳过: eufy Video Doorbell 2K Wireless with Hom $399.0 (近期中位价 $299.0)
  🔥 新促销: eufy Smart Lever Lock C33 (Black) (20.1% OFF)
  🔥 新促销: Arlo Ultra 3 4K Outdoor Security Camera Kit + 12M Subscription (4 Pack) (34.6% OFF)
  ⚠️  异常价格跳过: Ring Outdoor Cam Pro Plug-In Security Ca $329 (近期中位价 $209)
  ⚠️  异常价格跳过: TP-Link Tapo Smart Floodlight Camera 2K  $208 (近期中位价 $299)
  🔥 新促销: Arlo Essentials 2K (3rd Gen) Outdoor Security Camera (20.1% OFF)
  ⚠️  异常价格跳过: Ring Outdoor Cam Pro Plug-In Security Ca $329 (近期中位价 $249)
  ⚠️  异常价格跳过: TP-Link Tapo 3K Indoor/Outdoor Home Secu $99 (近期中位价 $70)
  ⚠️  异常价格跳过: Swann Xtreem4K WirelessCamera with Solar $269 (近期中位价 $199)
  🔥 新促销: eufy E20 2K Baby Monitor (20.1% OFF)
  🔥 新促销: eufy E21 4K Baby Monitor (15.6% OFF)
  ⚠️  异常价格跳过: eufy Baby Wi-Fi 2K Baby Monitor $149 (近期中位价 $229)
  🔥 新促销: eufy Baby Wi-Fi 2K Baby Monitor (34.9% OFF)
  🔥 新促销: eufy S1 Wearable Breast Pump (20.0% OFF)
  🔥 新促销: eufy S1 Pro Wearable Breast Pump (20.0% OFF)
  🔥 新促销: Swann 4K AdvancedX Series NVR Security System [6 Camera Kit] (20.0% OFF)
  🔥 新促销: Oricom BabySense7 Breathing Movement Monitor (20.1% OFF)
  ⚠️  异常价格跳过: Uniden BW2511 2.8" Baby Monitor $104 (近期中位价 $79)
  🔥 新促销: Oricom Smart Remote 5 Pan & Tilt Baby Monitor (15.2% OFF)
  🔥 新促销: Vtech BM5250N 5" Full Colour Video & Audio Baby Monitor (16.8% OFF)
  🔥 新促销: Freestyle Mini Hands-free Electric Breast Pump (Double) (16.7% OFF)
  🔥 新促销: Medela Harmony Manual Breast Pump (20.3% OFF)
  ⚠️  异常价格跳过: Momcozy S9 Pro Wearable Breast Pump (Sin $99 (近期中位价 $75)
  🔥 新促销: Freestyle Mini Hands-free Electric Breast Pump (Single) (18.0% OFF)
  ✅ 促销结束: Medela Motion InBra Wearable Breast Pump (Single) (持续 27 天)
  ✅ 促销结束: Medela Motion InBra Wearable Breast Pump (Double) (持续 27 天)
  ⚠️  异常价格跳过: Nanit Pro Baby Monitor with Floor Stand $799 (近期中位价 $599)
  ⚠️  异常价格跳过: TP-Link Tapo C460 4K Solar-Powered Secur $279 (近期中位价 $189)
  ⚠️  异常价格跳过: Momcozy KleanPal Pro Baby Bottle Washer $549 (近期中位价 $395)
  ⚠️  异常价格跳过: Ring Outdoor Cam Pro POE Security Camera $329 (近期中位价 $249)
  🔥 新促销: Uniden BW3531 4.3" Baby Monito With Pan & Tilt Camera (13.8% OFF)
  ⚠️  异常价格跳过: Swann EVO 2K Solar Outdoor Security Came $349 (近期中位价 $199)
  🔥 新促销: Oricom 5” Smart HD Baby Monitor with Stand (12.5% OFF)
  🔥 新促销: Uniden BW4501 4.3” FULL HD Baby Monitor and Clamp Camera (20.3% OFF)
  ⚠️  异常价格跳过: Ring Floodlight Cam Pro(2nd Gen) Wired S $429 (近期中位价 $329)
  🔥 新促销: Swann Elite 6K/12 MP NVR Security Camera System [6 Camera Kit] (23.1% OFF)
  ⚠️  异常价格跳过: Swann MaxRanger4K Mini Long-Range Wirele $699 (近期中位价 $999)
  🔥 新促销: Swann MaxRanger4K Mini Long-Range Wireless Solar Security System (4 Pack) (30.0% OFF)
  ⚠️  异常价格跳过: Swann MaxTrak 4K AI Auto Tracking Long R $629 (近期中位价 $1499)
  🔥 新促销: Swann MaxTrak 4K AI Auto Tracking Long Range Security Camera System (2 Pack) (21.3% OFF)
  ⚠️  异常价格跳过: Tapo 2K Solar-Powered Dual-Lens Pan/Tilt $399 (近期中位价 $298)
  ⚠️  异常价格跳过: Tapo 2K Solar-Powered Floodlight Pan/Til $269 (近期中位价 $189)
  ⚠️  异常价格跳过: Uniden App Cam X25 PT Indoor 2k Super HD $72 (近期中位价 $52)
  🔥 新促销: eufy Smart Lever Lock C33 (Nickel) (20.1% OFF)
  🔥 新促销: VTech BM2150 Digital Audio Baby Monitor (20.4% OFF)
  ⚠️  异常价格跳过: Nanit Breathing Wear Band 3-12m [Medium] $25 (近期中位价 $17.99)
  ⚠️  跳过错误页面产品: There was a problem loading this website
  ⚠️  跳过错误页面产品: There was a problem loading this website
  🔥 新促销: VTech RM7667HQ 7” Smart Pan & Tilt Video Monitor with Remote Access (19.0% OFF)
  ⚠️  异常价格跳过: TP-Link Tapo Smart Wi-Fi Deadbolt Door L $299 (近期中位价 $228)
  ⚠️  异常价格跳过: eufy Security eufyCam 2C Pro 2K Wireless $349.0 (近期中位价 $249.0)
  🔥 新促销: eufy Security eufyCam 2C Pro 2K Wireless Home Security System (2 Pack) (22.3% OFF)
  ⚠️  异常价格跳过: eufy Security eufyCam 2C Pro 2K Wireless $449.0 (近期中位价 $249.0)
  🔥 新促销: Arlo Smarthub (20.2% OFF)
  ⚠️  异常价格跳过: Your connection needs to be verified bef $441.98 (近期中位价 $899.0)
  新产品: Gainsborough Mode Smart Pull Handle in Black
  新产品: Pixbee Sleep Smart Nursery Light
✅ 历史数据已保存: 392 个产品
✅ 促销记录已保存
  历史记录: 392 个产品
  促销中: 56 款

======================================================================
✅ 完成！
  成功: 262/402 (65%)
  失败: 140 款
  数据已保存到: price_results_latest.json
======================================================================

📅 生成促销日历...
✅ 日历数据已保存到: promotion_calendar.json
  生成了 392 个产品的日历
